[2022-02-08 23:50:57] alias_create_execute
alias_create_execute () 
{ 
    for _path in "$rvm_rubies_path" "$rvm_gems_path" "$rvm_environments_path" "$rvm_wrappers_path";
    do
        if [[ -L "$_path/$alias_name" ]]; then
            \command \rm -fv "$_path/$alias_name" || return $?;
        fi;
        \command \ln -fs "$_path/$rvm_ruby_string" "$_path/$alias_name" || return $?;
    done;
    __rvm_db_ "$rvm_path/config/alias" "$alias_name" "$rvm_ruby_string"
}
current path: /Users/edsonma/workspace/workspace-challenges
GEM_HOME=/Users/edsonma/.rvm/gems/ruby-3.1.0
PATH=/Users/edsonma/.rvm/gems/ruby-3.1.0/bin:/Users/edsonma/.rvm/gems/ruby-3.1.0@global/bin:/Users/edsonma/.rvm/rubies/ruby-3.1.0/bin:/Users/edsonma/.rvm/bin:/Users/edsonma/.rbenv/bin:/Users/edsonma/.rbenv/shims:/usr/local/sbin:/usr/local/opt/unzip/bin:/usr/local/opt/openssl@1.1/bin:/Users/edsonma/.jenv/bin:/usr/local/bin:/usr/bin:/bin:/usr/sbin:/sbin:/Library/Apple/usr/bin
GEM_PATH=/Users/edsonma/.rvm/gems/ruby-3.1.0:/Users/edsonma/.rvm/gems/ruby-3.1.0@global
command(1): alias_create_execute
+ for _path in '"$rvm_rubies_path"' '"$rvm_gems_path"' '"$rvm_environments_path"' '"$rvm_wrappers_path"'
+ [[ -L /Users/edsonma/.rvm/rubies/default ]]
+ command ln -fs /Users/edsonma/.rvm/rubies/ruby-3.1.0 /Users/edsonma/.rvm/rubies/default
+ ln -fs /Users/edsonma/.rvm/rubies/ruby-3.1.0 /Users/edsonma/.rvm/rubies/default
+ for _path in '"$rvm_rubies_path"' '"$rvm_gems_path"' '"$rvm_environments_path"' '"$rvm_wrappers_path"'
+ [[ -L /Users/edsonma/.rvm/gems/default ]]
+ command ln -fs /Users/edsonma/.rvm/gems/ruby-3.1.0 /Users/edsonma/.rvm/gems/default
+ ln -fs /Users/edsonma/.rvm/gems/ruby-3.1.0 /Users/edsonma/.rvm/gems/default
+ for _path in '"$rvm_rubies_path"' '"$rvm_gems_path"' '"$rvm_environments_path"' '"$rvm_wrappers_path"'
+ [[ -L /Users/edsonma/.rvm/environments/default ]]
+ command ln -fs /Users/edsonma/.rvm/environments/ruby-3.1.0 /Users/edsonma/.rvm/environments/default
+ ln -fs /Users/edsonma/.rvm/environments/ruby-3.1.0 /Users/edsonma/.rvm/environments/default
+ for _path in '"$rvm_rubies_path"' '"$rvm_gems_path"' '"$rvm_environments_path"' '"$rvm_wrappers_path"'
+ [[ -L /Users/edsonma/.rvm/wrappers/default ]]
+ command ln -fs /Users/edsonma/.rvm/wrappers/ruby-3.1.0 /Users/edsonma/.rvm/wrappers/default
+ ln -fs /Users/edsonma/.rvm/wrappers/ruby-3.1.0 /Users/edsonma/.rvm/wrappers/default
+ __rvm_db_ /Users/edsonma/.rvm/config/alias default ruby-3.1.0
+ typeset __db __key __value
+ __db=/Users/edsonma/.rvm/config/alias
+ __key=default
+ shift 2
+ __value=ruby-3.1.0
+ case "${__value}" in
+ __rvm_db_add /Users/edsonma/.rvm/config/alias default ruby-3.1.0
+ typeset __dir=/Users/edsonma/.rvm/config
+ [[ -f /Users/edsonma/.rvm/config/alias ]]
+ __rvm_db_remove /Users/edsonma/.rvm/config/alias default
+ [[ -f /Users/edsonma/.rvm/config/alias ]]
+ __rvm_sed -e '\#^default=# d' -e '/^$/d' /Users/edsonma/.rvm/config/alias
+ sed -e '\#^default=# d' -e '/^$/d' /Users/edsonma/.rvm/config/alias
+ command mv -f /Users/edsonma/.rvm/config/alias.new /Users/edsonma/.rvm/config/alias
+ mv -f /Users/edsonma/.rvm/config/alias.new /Users/edsonma/.rvm/config/alias
+ printf '%b=%b\n' default ruby-3.1.0
