[2022-02-08 23:50:57] alias_delete_execute
alias_delete_execute () 
{ 
    for _path in "$rvm_rubies_path" "$rvm_gems_path" "$rvm_environments_path" "$rvm_wrappers_path";
    do
        if [[ -L "$_path/$1" ]]; then
            \command \rm -fv "$_path/$1" || return $?;
        fi;
    done;
    __rvm_db_ "$rvm_path/config/alias" "$1" "delete";
    alias_after_delete_default "$1" || return $?
}
current path: /Users/edsonma/workspace/workspace-challenges
GEM_HOME=/Users/edsonma/.rvm/gems/ruby-3.1.0
PATH=/Users/edsonma/.rvm/gems/ruby-3.1.0/bin:/Users/edsonma/.rvm/gems/ruby-3.1.0@global/bin:/Users/edsonma/.rvm/rubies/ruby-3.1.0/bin:/Users/edsonma/.rvm/bin:/Users/edsonma/.rbenv/bin:/Users/edsonma/.rbenv/shims:/usr/local/sbin:/usr/local/opt/unzip/bin:/usr/local/opt/openssl@1.1/bin:/Users/edsonma/.jenv/bin:/usr/local/bin:/usr/bin:/bin:/usr/sbin:/sbin:/Library/Apple/usr/bin
GEM_PATH=/Users/edsonma/.rvm/gems/ruby-3.1.0:/Users/edsonma/.rvm/gems/ruby-3.1.0@global
command(2): alias_delete_execute default
+ for _path in '"$rvm_rubies_path"' '"$rvm_gems_path"' '"$rvm_environments_path"' '"$rvm_wrappers_path"'
+ [[ -L /Users/edsonma/.rvm/rubies/default ]]
+ for _path in '"$rvm_rubies_path"' '"$rvm_gems_path"' '"$rvm_environments_path"' '"$rvm_wrappers_path"'
+ [[ -L /Users/edsonma/.rvm/gems/default ]]
+ for _path in '"$rvm_rubies_path"' '"$rvm_gems_path"' '"$rvm_environments_path"' '"$rvm_wrappers_path"'
+ [[ -L /Users/edsonma/.rvm/environments/default ]]
+ for _path in '"$rvm_rubies_path"' '"$rvm_gems_path"' '"$rvm_environments_path"' '"$rvm_wrappers_path"'
+ [[ -L /Users/edsonma/.rvm/wrappers/default ]]
+ __rvm_db_ /Users/edsonma/.rvm/config/alias default delete
+ typeset __db __key __value
+ __db=/Users/edsonma/.rvm/config/alias
+ __key=default
+ shift 2
+ __value=delete
+ case "${__value}" in
+ __rvm_db_remove /Users/edsonma/.rvm/config/alias default
+ [[ -f /Users/edsonma/.rvm/config/alias ]]
+ __rvm_sed -e '\#^default=# d' -e '/^$/d' /Users/edsonma/.rvm/config/alias
+ sed -e '\#^default=# d' -e '/^$/d' /Users/edsonma/.rvm/config/alias
+ command mv -f /Users/edsonma/.rvm/config/alias.new /Users/edsonma/.rvm/config/alias
+ mv -f /Users/edsonma/.rvm/config/alias.new /Users/edsonma/.rvm/config/alias
+ alias_after_delete_default default
+ [[ default == \d\e\f\a\u\l\t ]]
+ for _path in '"$rvm_bin_path"/default_*'
+ [[ -f /Users/edsonma/.rvm/bin/default_* ]]
+ _path='/Users/edsonma/.rvm/bin/default_*'
+ [[ -f /Users/edsonma/.rvm/bin/default_* ]]
+ for _path in '"$rvm_path"/wrappers/default/*' gem irb erb ri rdoc testrb rake ruby bundle
+ _path='*'
+ command rm -fv '/Users/edsonma/.rvm/bin/*'
+ rm -fv '/Users/edsonma/.rvm/bin/*'
+ for _path in '"$rvm_path"/wrappers/default/*' gem irb erb ri rdoc testrb rake ruby bundle
+ _path=gem
+ command rm -fv /Users/edsonma/.rvm/bin/gem
+ rm -fv /Users/edsonma/.rvm/bin/gem
+ for _path in '"$rvm_path"/wrappers/default/*' gem irb erb ri rdoc testrb rake ruby bundle
+ _path=irb
+ command rm -fv /Users/edsonma/.rvm/bin/irb
+ rm -fv /Users/edsonma/.rvm/bin/irb
+ for _path in '"$rvm_path"/wrappers/default/*' gem irb erb ri rdoc testrb rake ruby bundle
+ _path=erb
+ command rm -fv /Users/edsonma/.rvm/bin/erb
+ rm -fv /Users/edsonma/.rvm/bin/erb
+ for _path in '"$rvm_path"/wrappers/default/*' gem irb erb ri rdoc testrb rake ruby bundle
+ _path=ri
+ command rm -fv /Users/edsonma/.rvm/bin/ri
+ rm -fv /Users/edsonma/.rvm/bin/ri
+ for _path in '"$rvm_path"/wrappers/default/*' gem irb erb ri rdoc testrb rake ruby bundle
+ _path=rdoc
+ command rm -fv /Users/edsonma/.rvm/bin/rdoc
+ rm -fv /Users/edsonma/.rvm/bin/rdoc
+ for _path in '"$rvm_path"/wrappers/default/*' gem irb erb ri rdoc testrb rake ruby bundle
+ _path=testrb
+ command rm -fv /Users/edsonma/.rvm/bin/testrb
+ rm -fv /Users/edsonma/.rvm/bin/testrb
+ for _path in '"$rvm_path"/wrappers/default/*' gem irb erb ri rdoc testrb rake ruby bundle
+ _path=rake
+ command rm -fv /Users/edsonma/.rvm/bin/rake
+ rm -fv /Users/edsonma/.rvm/bin/rake
+ for _path in '"$rvm_path"/wrappers/default/*' gem irb erb ri rdoc testrb rake ruby bundle
+ _path=ruby
+ command rm -fv /Users/edsonma/.rvm/bin/ruby
+ rm -fv /Users/edsonma/.rvm/bin/ruby
+ for _path in '"$rvm_path"/wrappers/default/*' gem irb erb ri rdoc testrb rake ruby bundle
+ _path=bundle
+ command rm -fv /Users/edsonma/.rvm/bin/bundle
+ rm -fv /Users/edsonma/.rvm/bin/bundle
