+gemset_import_list:2> case ruby-3.1.0 (*jruby*)
+gemset_import_list:2> case ruby-3.1.0 (*)
+gemset_import_list:8> typeset line
+gemset_import_list:9> line=gem-wrappers
+gemset_import_list:10> gem_install gem-wrappers
+gem_install:2> typeset gem_name gem_version version_check
+gem_install:4> gem_version='' 
+gem_install:5> __rvm_parse_gems_args gem-wrappers
+__rvm_parse_gems_args:2> typeset 'gem=gem-wrappers'
+__rvm_parse_gems_args:4> __rvm_string_match gem-wrappers '*.gem$'
+__rvm_string_match:2> typeset _string _search
+__rvm_string_match:3> _string=gem-wrappers 
+__rvm_string_match:4> shift
+__rvm_string_match:5> ((  1  ))
+__rvm_string_match:7> _search='*.gem$' 
+__rvm_string_match:8> _search='*.gem$' 
+__rvm_string_match:9> _search='*.gem$' 
+__rvm_string_match:10> eval '      case "${_string}" in        (*.gem$) return 0 ;;      esac      '
+(eval):1> case gem-wrappers (*.gem\$)
+__rvm_string_match:15> shift
+__rvm_string_match:5> ((  0  ))
+__rvm_string_match:17> return 1
+__rvm_parse_gems_args:9> gem_name=gem-wrappers 
+__rvm_parse_gems_args:10> case gem-wrappers (*--version*)
+__rvm_parse_gems_args:10> case gem-wrappers (*-v*)
+gem_install:7> [[ -z '' ]]
+gem_install:8> __rvm_db gem_gem-wrappers_version gem_version
+__rvm_db:2> typeset value key variable
+__rvm_db:3> key=gem_gem-wrappers_version 
+__rvm_db:4> variable=gem_version 
+__rvm_db:5> value='' 
+__rvm_db:7> [[ -f /Users/edsonma/.rvm/user/db ]]
+__rvm_db:8> value=+__rvm_db:8> __rvm_db_ /Users/edsonma/.rvm/user/db gem_gem-wrappers_version
+__rvm_db_:2> typeset __db __key __value
+__rvm_db_:3> __db=/Users/edsonma/.rvm/user/db 
+__rvm_db_:4> __key=gem_gem-wrappers_version 
+__rvm_db_:5> shift 2
+__rvm_db_:6> __value='' 
+__rvm_db_:7> case  (unset|delete)
+__rvm_db_:7> case  ()
+__rvm_db_:12> __rvm_db_get /Users/edsonma/.rvm/user/db gem_gem-wrappers_version
+__rvm_db_get:2> [[ -f /Users/edsonma/.rvm/user/db ]]
+__rvm_db_get:3> __rvm_sed -n -e '\#^gem_gem-wrappers_version=# { s#^gem_gem-wrappers_version=##;; p; }' -e '/^$/d'
+__rvm_sed:0> sed -n -e '\#^gem_gem-wrappers_version=# { s#^gem_gem-wrappers_version=##;; p; }' -e '/^$/d'
+__rvm_db:8> value='' 
+__rvm_db:10> [[ -z '' && -f /Users/edsonma/.rvm/config/db ]]
+__rvm_db:11> value=+__rvm_db:11> __rvm_db_ /Users/edsonma/.rvm/config/db gem_gem-wrappers_version
+__rvm_db_:2> typeset __db __key __value
+__rvm_db_:3> __db=/Users/edsonma/.rvm/config/db 
+__rvm_db_:4> __key=gem_gem-wrappers_version 
+__rvm_db_:5> shift 2
+__rvm_db_:6> __value='' 
+__rvm_db_:7> case  (unset|delete)
+__rvm_db_:7> case  ()
+__rvm_db_:12> __rvm_db_get /Users/edsonma/.rvm/config/db gem_gem-wrappers_version
+__rvm_db_get:2> [[ -f /Users/edsonma/.rvm/config/db ]]
+__rvm_db_get:3> __rvm_sed -n -e '\#^gem_gem-wrappers_version=# { s#^gem_gem-wrappers_version=##;; p; }' -e '/^$/d'
+__rvm_sed:0> sed -n -e '\#^gem_gem-wrappers_version=# { s#^gem_gem-wrappers_version=##;; p; }' -e '/^$/d'
+__rvm_db:11> value='>=1.4.0' 
+__rvm_db:13> [[ -n '>=1.4.0' ]]
+__rvm_db:14> [[ -n gem_version ]]
+__rvm_db:15> eval 'gem_version='\''>=1.4.0'\'
+(eval):1> gem_version='>=1.4.0' 
+__rvm_db:18> true
+gem_install:12> ((  0 == 0  ))
+gem_install:12> is_gem_installed
+is_gem_installed:2> typeset gem_spec
+is_gem_installed:3> gem_spec='gem '\''gem-wrappers'\' 
+is_gem_installed:5> [[ -n '>=1.4.0' ]]
+is_gem_installed:7> gem_spec+=', '\''>=1.4.0'\' 
+is_gem_installed:8> version_check=1.4.0 
+is_gem_installed:13> __rvm_ls -ld /Users/edsonma/.rvm/gems/ruby-3.1.0@global/gems/gem-wrappers-1.4.0
+is_gem_installed:14> /Users/edsonma/.rvm/rubies/ruby-3.1.0/bin/ruby -rrubygems -e 'gem '\''gem-wrappers'\'', '\''>=1.4.0'\'
+is_gem_installed:15> return 1
+gem_install:17> gem_install_force
+gem_install_force:2> typeset __available_gem
+gem_install_force:3> typeset -a install_params
+gem_install_force:5> install_params=( ) 
+gem_install_force:6> __available_gem=+gem_install_force:6> __available_gem=+gem_install_force:6> tail -n 1
+gem_install_force:6> __available_gem=/Users/edsonma/.rvm/gem-cache/gem-wrappers-1.4.0.gem 
+gem_install_force:8> [[ -n /Users/edsonma/.rvm/gem-cache/gem-wrappers-1.4.0.gem ]]
+gem_install_force:9> install_params+=( --local ) 
+gem_install_force:14> gem --version
+gem_install_force:14> __rvm_version_compare 3.3.3 -ge 2.2
+__rvm_version_compare:2> typeset first
+__rvm_version_compare:5> first=+__rvm_version_compare:5> printf %b '3.3.3\n2.2\n'
+__rvm_version_compare:5> first=+__rvm_version_compare:5> first=+__rvm_version_compare:5> head -n1
+__rvm_version_sort:2> awk '-F[.-]' -v 'OFS=.' $'{                   # split on "." and "-", merge back with "."\n    original=$0                                        # save original to preserve it before the line is changed\n    for (n=1; n<10; n++) {                             # iterate through max 9 components of version\n      $n=tolower($n)                                   # ignore case for sorting\n      if ($n == "")                 $n="0"             # treat non existing parts as 0\n      if ($n ~ /^p[0-9]/)           $n=substr($n, 2)   # old ruby -p notation\n      if ($n ~ /^[0-9](rc|b)/)      $n=substr($n, 1, 1)". "substr($n, 2)   # old jruby 0RC1 notation\n      if (n == 1 && $n ~ /^[0-9]/)  $n="zzz."$n        # first group must be a string\n      if (n > 1 && $n ~ /^[a-z]/)   $n=" "$n           # names go before numbers thanks to space\n    }\n    print $0"\\t"original                               # print the transformed version and original separated by \\t\n                                                       # so we can extract original after sorting\n  }'
+__rvm_version_sort:15> LC_ALL=C sort -t. -k 1,1d -k 2,2n -k 3,3n -k 4,4n -k 5,5n -k 6,6n -k 7,7n -k 8,8n -k 9,9n
+__rvm_version_sort:16> awk '-F\t' '{print $2}'
+__rvm_version_compare:5> first=2.2 
+__rvm_version_compare:7> case -ge (-eq|==|=)
+__rvm_version_compare:7> case -ge (-ne|!=)
+__rvm_version_compare:7> case -ge (-gt|\>)
+__rvm_version_compare:7> case -ge (-ge|\>=)
+__rvm_version_compare:21> [[ 2.2 == head ]]
+__rvm_version_compare:23> [[ 2.2 == 2.2 ]]
+__rvm_version_compare:43> return 0
+gem_install_force:15> install_params+=( --no-document ) 
+gem_install_force:31> __rvm_log_command 'gem.install.gem-wrappers->=1.4.0' 'installing gem /Users/edsonma/.rvm/gem-cache/gem-wrappers-1.4.0.gem --local --no-document' command gem install /Users/edsonma/.rvm/gem-cache/gem-wrappers-1.4.0.gem --local --no-document
+__rvm_log_command:2> typeset name message _command_start _command_name
+__rvm_log_command:3> typeset -a _command
+__rvm_log_command:5> name='gem.install.gem-wrappers->=1.4.0' 
+__rvm_log_command:6> message='installing gem /Users/edsonma/.rvm/gem-cache/gem-wrappers-1.4.0.gem --local --no-document' 
+__rvm_log_command:7> shift 2
+__rvm_log_command:8> _command=( command gem install /Users/edsonma/.rvm/gem-cache/gem-wrappers-1.4.0.gem --local --no-document ) 
+__rvm_log_command:9> _command_start=command 
+__rvm_log_command:10> ((  6  ))
+__rvm_log_command:10> [[ command == *=* ]]
+__rvm_log_command:13> _command_name=command 
+__rvm_log_command:15> [[ command != *=* ]]
+__rvm_log_command:16> __function_on_stack __rvm_log_command_internal
+__function_on_stack:2> __rvm_string_includes '' __rvm_log_command_internal
+__rvm_string_includes:2> typeset __search '__text='
+__rvm_string_includes:3> shift
+__rvm_string_includes:4> __search=__rvm_log_command_internal
+__rvm_string_includes:6> [[ '  ' == *\ __rvm_log_command_internal\ * ]]
+__rvm_string_includes:10> return 1
+__function_on_stack:2> return 1
+__rvm_log_command:18> __rvm_log_command_internal command gem install /Users/edsonma/.rvm/gem-cache/gem-wrappers-1.4.0.gem --local --no-document
+__rvm_log_command_internal:2> typeset _log
+__rvm_log_command_internal:4> ((  0 == 0  ))
+__rvm_log_command_internal:6> __rvm_log_command_caclulate_log_file_name
+__rvm_log_command_caclulate_log_file_name:2> [[ -n 1644374866 ]]
+__rvm_log_command_caclulate_log_file_name:3> [[ -n sealed, ]]
+__rvm_log_command_caclulate_log_file_name:4> [[ -n 250 ]]
+__rvm_log_command_caclulate_log_file_name:5> name='gem.install.gem-wrappers->=1.4.0' 
+__rvm_log_command_caclulate_log_file_name:6> _log='/Users/edsonma/.rvm/log/1644374866_ruby-3.1.0/gem.install.gem-wrappers->=1.4.0' 
+__rvm_log_command_caclulate_log_file_name:7> [[ -n 5.8 ]]
+__rvm_log_command_caclulate_log_file_name:8> _log='/Users/edsonma/.rvm/log/1644374866_ruby-3.1.0/gem.install.gem-wrappers->=1.4.0.log' 
+__rvm_log_command_internal:7> rvm_debug 'Log file: /Users/edsonma/.rvm/log/1644374866_ruby-3.1.0/gem.install.gem-wrappers->=1.4.0.log'
+rvm_debug:2> ((  0  ))
+rvm_debug:2> return 0
+__rvm_log_command_internal:9> [[ -d /Users/edsonma/.rvm/log/1644374866_ruby-3.1.0 ]]
+__rvm_log_command_internal:10> [[ -f '/Users/edsonma/.rvm/log/1644374866_ruby-3.1.0/gem.install.gem-wrappers->=1.4.0.log' ]]
+__rvm_log_command_internal:10> rm -f '/Users/edsonma/.rvm/log/1644374866_ruby-3.1.0/gem.install.gem-wrappers->=1.4.0.log'
+__rvm_log_command_internal:12> __rvm_log_command_debug
+__rvm_log_command_internal:12> rvm_debug_stream
+rvm_debug_stream:2> ((  0 == 0 && 0 == 0  ))
+__rvm_log_command_internal:12> tee '/Users/edsonma/.rvm/log/1644374866_ruby-3.1.0/gem.install.gem-wrappers->=1.4.0.log'
+__rvm_log_command_debug:2> __rvm_date '+%Y-%m-%d %H:%M:%S'
+rvm_debug_stream:3> cat -
+__rvm_date:0> date '+%Y-%m-%d %H:%M:%S'
+__rvm_log_command_debug:2> printf %b '[2022-02-08 23:50:46] command\n'
+__rvm_log_command_debug:3> is_a_function command
+is_a_function:2> typeset -f command
+is_a_function:2> return 1
+__rvm_log_command_debug:6> printf %b 'current path: /Users/edsonma/.rvm/src/ruby-3.1.0\n'
+__rvm_log_command_debug:7> __rvm_grep -E '^GEM_HOME=|^GEM_PATH=|^PATH='
+__rvm_log_command_debug:7> env
+__rvm_grep:0> GREP_OPTIONS='' grep -E '^GEM_HOME=|^GEM_PATH=|^PATH='
+__rvm_log_command_debug:8> printf %b 'command(6): command gem install /Users/edsonma/.rvm/gem-cache/gem-wrappers-1.4.0.gem --local --no-document\n'
+__rvm_log_command_internal:14> __rvm_log_dotted '/Users/edsonma/.rvm/log/1644374866_ruby-3.1.0/gem.install.gem-wrappers->=1.4.0.log' 'installing gem /Users/edsonma/.rvm/gem-cache/gem-wrappers-1.4.0.gem --local --no-document' command gem install /Users/edsonma/.rvm/gem-cache/gem-wrappers-1.4.0.gem --local --no-document
+__rvm_log_dotted:2> typeset __log_file __message __iterator __result __local_rvm_trace_flag
+__rvm_log_dotted:3> __log_file='/Users/edsonma/.rvm/log/1644374866_ruby-3.1.0/gem.install.gem-wrappers->=1.4.0.log' 
+__rvm_log_dotted:4> __message='installing gem /Users/edsonma/.rvm/gem-cache/gem-wrappers-1.4.0.gem --local --no-document' 
+__rvm_log_dotted:5> shift 2
+__rvm_log_dotted:6> __result=0 
+__rvm_log_dotted:7> __local_rvm_trace_flag=0 
+__rvm_log_dotted:9> ((  0  ))
+__rvm_log_dotted:18> [[ -n 5.8 ]]
+__rvm_log_dotted:20> rvm_log 'installing gem /Users/edsonma/.rvm/gem-cache/gem-wrappers-1.4.0.gem --local --no-document - please wait'
+rvm_log:2> [[ '' == 1 ]]
+rvm_log:4> printf %b 'installing gem /Users/edsonma/.rvm/gem-cache/gem-wrappers-1.4.0.gem --local --no-document - please wait\n'
installing gem /Users/edsonma/.rvm/gem-cache/gem-wrappers-1.4.0.gem --local --no-document - please wait
+gem_install:19> true
+gemset_import_list:9> line=rubygems-bundler
+gemset_import_list:10> gem_install rubygems-bundler
+gem_install:2> typeset gem_name gem_version version_check
+gem_install:4> gem_version='' 
+gem_install:5> __rvm_parse_gems_args rubygems-bundler
+__rvm_parse_gems_args:2> typeset 'gem=rubygems-bundler'
+__rvm_parse_gems_args:4> __rvm_string_match rubygems-bundler '*.gem$'
+__rvm_string_match:2> typeset _string _search
+__rvm_string_match:3> _string=rubygems-bundler 
+__rvm_string_match:4> shift
+__rvm_string_match:5> ((  1  ))
+__rvm_string_match:7> _search='*.gem$' 
+__rvm_string_match:8> _search='*.gem$' 
+__rvm_string_match:9> _search='*.gem$' 
+__rvm_string_match:10> eval '      case "${_string}" in        (*.gem$) return 0 ;;      esac      '
+(eval):1> case rubygems-bundler (*.gem\$)
+__rvm_string_match:15> shift
+__rvm_string_match:5> ((  0  ))
+__rvm_string_match:17> return 1
+__rvm_parse_gems_args:9> gem_name=rubygems-bundler 
+__rvm_parse_gems_args:10> case rubygems-bundler (*--version*)
+__rvm_parse_gems_args:10> case rubygems-bundler (*-v*)
+gem_install:7> [[ -z '' ]]
+gem_install:8> __rvm_db gem_rubygems-bundler_version gem_version
+__rvm_db:2> typeset value key variable
+__rvm_db:3> key=gem_rubygems-bundler_version 
+__rvm_db:4> variable=gem_version 
+__rvm_db:5> value='' 
+__rvm_db:7> [[ -f /Users/edsonma/.rvm/user/db ]]
+__rvm_db:8> value=+__rvm_db:8> __rvm_db_ /Users/edsonma/.rvm/user/db gem_rubygems-bundler_version
+__rvm_db_:2> typeset __db __key __value
+__rvm_db_:3> __db=/Users/edsonma/.rvm/user/db 
+__rvm_db_:4> __key=gem_rubygems-bundler_version 
+__rvm_db_:5> shift 2
+__rvm_db_:6> __value='' 
+__rvm_db_:7> case  (unset|delete)
+__rvm_db_:7> case  ()
+__rvm_db_:12> __rvm_db_get /Users/edsonma/.rvm/user/db gem_rubygems-bundler_version
+__rvm_db_get:2> [[ -f /Users/edsonma/.rvm/user/db ]]
+__rvm_db_get:3> __rvm_sed -n -e '\#^gem_rubygems-bundler_version=# { s#^gem_rubygems-bundler_version=##;; p; }' -e '/^$/d'
+__rvm_sed:0> sed -n -e '\#^gem_rubygems-bundler_version=# { s#^gem_rubygems-bundler_version=##;; p; }' -e '/^$/d'
+__rvm_db:8> value='' 
+__rvm_db:10> [[ -z '' && -f /Users/edsonma/.rvm/config/db ]]
+__rvm_db:11> value=+__rvm_db:11> __rvm_db_ /Users/edsonma/.rvm/config/db gem_rubygems-bundler_version
+__rvm_db_:2> typeset __db __key __value
+__rvm_db_:3> __db=/Users/edsonma/.rvm/config/db 
+__rvm_db_:4> __key=gem_rubygems-bundler_version 
+__rvm_db_:5> shift 2
+__rvm_db_:6> __value='' 
+__rvm_db_:7> case  (unset|delete)
+__rvm_db_:7> case  ()
+__rvm_db_:12> __rvm_db_get /Users/edsonma/.rvm/config/db gem_rubygems-bundler_version
+__rvm_db_get:2> [[ -f /Users/edsonma/.rvm/config/db ]]
+__rvm_db_get:3> __rvm_sed -n -e '\#^gem_rubygems-bundler_version=# { s#^gem_rubygems-bundler_version=##;; p; }' -e '/^$/d'
+__rvm_sed:0> sed -n -e '\#^gem_rubygems-bundler_version=# { s#^gem_rubygems-bundler_version=##;; p; }' -e '/^$/d'
+__rvm_db:11> value='' 
+__rvm_db:13> [[ -n '' ]]
+__rvm_db:13> return 1
+gem_install:12> ((  0 == 0  ))
+gem_install:12> is_gem_installed
+is_gem_installed:2> typeset gem_spec
+is_gem_installed:3> gem_spec='gem '\''rubygems-bundler'\' 
+is_gem_installed:5> [[ -n '' ]]
+is_gem_installed:10> version_check='*([[:digit:]\.])' 
+is_gem_installed:13> __rvm_ls -ld '/Users/edsonma/.rvm/gems/ruby-3.1.0@global/gems/rubygems-bundler-*([[:digit:]\.])'
+is_gem_installed:14> /Users/edsonma/.rvm/rubies/ruby-3.1.0/bin/ruby -rrubygems -e 'gem '\''rubygems-bundler'\'
+is_gem_installed:15> return 1
+gem_install:17> gem_install_force
+gem_install_force:2> typeset __available_gem
+gem_install_force:3> typeset -a install_params
+gem_install_force:5> install_params=( ) 
+gem_install_force:6> __available_gem=+gem_install_force:6> __available_gem=+gem_install_force:6> tail -n 1
+gem_install_force:6> __available_gem='' 
+gem_install_force:8> [[ -n '' ]]
+gem_install_force:10> [[ -n '' ]]
+gem_install_force:14> gem --version
+gem_install_force:14> __rvm_version_compare 3.3.3 -ge 2.2
+__rvm_version_compare:2> typeset first
+__rvm_version_compare:5> first=+__rvm_version_compare:5> printf %b '3.3.3\n2.2\n'
+__rvm_version_compare:5> first=+__rvm_version_compare:5> first=+__rvm_version_compare:5> head -n1
+__rvm_version_sort:2> awk '-F[.-]' -v 'OFS=.' $'{                   # split on "." and "-", merge back with "."\n    original=$0                                        # save original to preserve it before the line is changed\n    for (n=1; n<10; n++) {                             # iterate through max 9 components of version\n      $n=tolower($n)                                   # ignore case for sorting\n      if ($n == "")                 $n="0"             # treat non existing parts as 0\n      if ($n ~ /^p[0-9]/)           $n=substr($n, 2)   # old ruby -p notation\n      if ($n ~ /^[0-9](rc|b)/)      $n=substr($n, 1, 1)". "substr($n, 2)   # old jruby 0RC1 notation\n      if (n == 1 && $n ~ /^[0-9]/)  $n="zzz."$n        # first group must be a string\n      if (n > 1 && $n ~ /^[a-z]/)   $n=" "$n           # names go before numbers thanks to space\n    }\n    print $0"\\t"original                               # print the transformed version and original separated by \\t\n                                                       # so we can extract original after sorting\n  }'
+__rvm_version_sort:15> LC_ALL=C sort -t. -k 1,1d -k 2,2n -k 3,3n -k 4,4n -k 5,5n -k 6,6n -k 7,7n -k 8,8n -k 9,9n
+__rvm_version_sort:16> awk '-F\t' '{print $2}'
+__rvm_version_compare:5> first=2.2 
+__rvm_version_compare:7> case -ge (-eq|==|=)
+__rvm_version_compare:7> case -ge (-ne|!=)
+__rvm_version_compare:7> case -ge (-gt|\>)
+__rvm_version_compare:7> case -ge (-ge|\>=)
+__rvm_version_compare:21> [[ 2.2 == head ]]
+__rvm_version_compare:23> [[ 2.2 == 2.2 ]]
+__rvm_version_compare:43> return 0
+gem_install_force:15> install_params+=( --no-document ) 
+gem_install_force:31> __rvm_log_command gem.install.rubygems-bundler 'installing gem rubygems-bundler --no-document' command gem install rubygems-bundler --no-document
+__rvm_log_command:2> typeset name message _command_start _command_name
+__rvm_log_command:3> typeset -a _command
+__rvm_log_command:5> name=gem.install.rubygems-bundler 
+__rvm_log_command:6> message='installing gem rubygems-bundler --no-document' 
+__rvm_log_command:7> shift 2
+__rvm_log_command:8> _command=( command gem install rubygems-bundler --no-document ) 
+__rvm_log_command:9> _command_start=command 
+__rvm_log_command:10> ((  5  ))
+__rvm_log_command:10> [[ command == *=* ]]
+__rvm_log_command:13> _command_name=command 
+__rvm_log_command:15> [[ command != *=* ]]
+__rvm_log_command:16> __function_on_stack __rvm_log_command_internal
+__function_on_stack:2> __rvm_string_includes '' __rvm_log_command_internal
+__rvm_string_includes:2> typeset __search '__text='
+__rvm_string_includes:3> shift
+__rvm_string_includes:4> __search=__rvm_log_command_internal
+__rvm_string_includes:6> [[ '  ' == *\ __rvm_log_command_internal\ * ]]
+__rvm_string_includes:10> return 1
+__function_on_stack:2> return 1
+__rvm_log_command:18> __rvm_log_command_internal command gem install rubygems-bundler --no-document
+__rvm_log_command_internal:2> typeset _log
+__rvm_log_command_internal:4> ((  0 == 0  ))
+__rvm_log_command_internal:6> __rvm_log_command_caclulate_log_file_name
+__rvm_log_command_caclulate_log_file_name:2> [[ -n 1644374866 ]]
+__rvm_log_command_caclulate_log_file_name:3> [[ -n sealed, ]]
+__rvm_log_command_caclulate_log_file_name:4> [[ -n 250 ]]
+__rvm_log_command_caclulate_log_file_name:5> name=gem.install.rubygems-bundler 
+__rvm_log_command_caclulate_log_file_name:6> _log=/Users/edsonma/.rvm/log/1644374866_ruby-3.1.0/gem.install.rubygems-bundler 
+__rvm_log_command_caclulate_log_file_name:7> [[ -n 5.8 ]]
+__rvm_log_command_caclulate_log_file_name:8> _log=/Users/edsonma/.rvm/log/1644374866_ruby-3.1.0/gem.install.rubygems-bundler.log 
+__rvm_log_command_internal:7> rvm_debug 'Log file: /Users/edsonma/.rvm/log/1644374866_ruby-3.1.0/gem.install.rubygems-bundler.log'
+rvm_debug:2> ((  0  ))
+rvm_debug:2> return 0
+__rvm_log_command_internal:9> [[ -d /Users/edsonma/.rvm/log/1644374866_ruby-3.1.0 ]]
+__rvm_log_command_internal:10> [[ -f /Users/edsonma/.rvm/log/1644374866_ruby-3.1.0/gem.install.rubygems-bundler.log ]]
+__rvm_log_command_internal:10> rm -f /Users/edsonma/.rvm/log/1644374866_ruby-3.1.0/gem.install.rubygems-bundler.log
+__rvm_log_command_internal:12> __rvm_log_command_debug
+__rvm_log_command_internal:12> rvm_debug_stream
+rvm_debug_stream:2> ((  0 == 0 && 0 == 0  ))
+__rvm_log_command_internal:12> tee /Users/edsonma/.rvm/log/1644374866_ruby-3.1.0/gem.install.rubygems-bundler.log
+__rvm_log_command_debug:2> __rvm_date '+%Y-%m-%d %H:%M:%S'
+rvm_debug_stream:3> cat -
+__rvm_date:0> date '+%Y-%m-%d %H:%M:%S'
+__rvm_log_command_debug:2> printf %b '[2022-02-08 23:50:48] command\n'
+__rvm_log_command_debug:3> is_a_function command
+is_a_function:2> typeset -f command
+is_a_function:2> return 1
+__rvm_log_command_debug:6> printf %b 'current path: /Users/edsonma/.rvm/src/ruby-3.1.0\n'
+__rvm_log_command_debug:7> __rvm_grep -E '^GEM_HOME=|^GEM_PATH=|^PATH='
+__rvm_log_command_debug:7> env
+__rvm_grep:0> GREP_OPTIONS='' grep -E '^GEM_HOME=|^GEM_PATH=|^PATH='
+__rvm_log_command_debug:8> printf %b 'command(5): command gem install rubygems-bundler --no-document\n'
+__rvm_log_command_internal:14> __rvm_log_dotted /Users/edsonma/.rvm/log/1644374866_ruby-3.1.0/gem.install.rubygems-bundler.log 'installing gem rubygems-bundler --no-document' command gem install rubygems-bundler --no-document
+__rvm_log_dotted:2> typeset __log_file __message __iterator __result __local_rvm_trace_flag
+__rvm_log_dotted:3> __log_file=/Users/edsonma/.rvm/log/1644374866_ruby-3.1.0/gem.install.rubygems-bundler.log 
+__rvm_log_dotted:4> __message='installing gem rubygems-bundler --no-document' 
+__rvm_log_dotted:5> shift 2
+__rvm_log_dotted:6> __result=0 
+__rvm_log_dotted:7> __local_rvm_trace_flag=0 
+__rvm_log_dotted:9> ((  0  ))
+__rvm_log_dotted:18> [[ -n 5.8 ]]
+__rvm_log_dotted:20> rvm_log 'installing gem rubygems-bundler --no-document - please wait'
+rvm_log:2> [[ '' == 1 ]]
+rvm_log:4> printf %b 'installing gem rubygems-bundler --no-document - please wait\n'
installing gem rubygems-bundler --no-document - please wait
+gem_install:19> true
+gemset_import_list:9> line=rake
+gemset_import_list:10> gem_install rake
+gem_install:2> typeset gem_name gem_version version_check
+gem_install:4> gem_version='' 
+gem_install:5> __rvm_parse_gems_args rake
+__rvm_parse_gems_args:2> typeset 'gem=rake'
+__rvm_parse_gems_args:4> __rvm_string_match rake '*.gem$'
+__rvm_string_match:2> typeset _string _search
+__rvm_string_match:3> _string=rake 
+__rvm_string_match:4> shift
+__rvm_string_match:5> ((  1  ))
+__rvm_string_match:7> _search='*.gem$' 
+__rvm_string_match:8> _search='*.gem$' 
+__rvm_string_match:9> _search='*.gem$' 
+__rvm_string_match:10> eval '      case "${_string}" in        (*.gem$) return 0 ;;      esac      '
+(eval):1> case rake (*.gem\$)
+__rvm_string_match:15> shift
+__rvm_string_match:5> ((  0  ))
+__rvm_string_match:17> return 1
+__rvm_parse_gems_args:9> gem_name=rake 
+__rvm_parse_gems_args:10> case rake (*--version*)
+__rvm_parse_gems_args:10> case rake (*-v*)
+gem_install:7> [[ -z '' ]]
+gem_install:8> __rvm_db gem_rake_version gem_version
+__rvm_db:2> typeset value key variable
+__rvm_db:3> key=gem_rake_version 
+__rvm_db:4> variable=gem_version 
+__rvm_db:5> value='' 
+__rvm_db:7> [[ -f /Users/edsonma/.rvm/user/db ]]
+__rvm_db:8> value=+__rvm_db:8> __rvm_db_ /Users/edsonma/.rvm/user/db gem_rake_version
+__rvm_db_:2> typeset __db __key __value
+__rvm_db_:3> __db=/Users/edsonma/.rvm/user/db 
+__rvm_db_:4> __key=gem_rake_version 
+__rvm_db_:5> shift 2
+__rvm_db_:6> __value='' 
+__rvm_db_:7> case  (unset|delete)
+__rvm_db_:7> case  ()
+__rvm_db_:12> __rvm_db_get /Users/edsonma/.rvm/user/db gem_rake_version
+__rvm_db_get:2> [[ -f /Users/edsonma/.rvm/user/db ]]
+__rvm_db_get:3> __rvm_sed -n -e '\#^gem_rake_version=# { s#^gem_rake_version=##;; p; }' -e '/^$/d'
+__rvm_sed:0> sed -n -e '\#^gem_rake_version=# { s#^gem_rake_version=##;; p; }' -e '/^$/d'
+__rvm_db:8> value='' 
+__rvm_db:10> [[ -z '' && -f /Users/edsonma/.rvm/config/db ]]
+__rvm_db:11> value=+__rvm_db:11> __rvm_db_ /Users/edsonma/.rvm/config/db gem_rake_version
+__rvm_db_:2> typeset __db __key __value
+__rvm_db_:3> __db=/Users/edsonma/.rvm/config/db 
+__rvm_db_:4> __key=gem_rake_version 
+__rvm_db_:5> shift 2
+__rvm_db_:6> __value='' 
+__rvm_db_:7> case  (unset|delete)
+__rvm_db_:7> case  ()
+__rvm_db_:12> __rvm_db_get /Users/edsonma/.rvm/config/db gem_rake_version
+__rvm_db_get:2> [[ -f /Users/edsonma/.rvm/config/db ]]
+__rvm_db_get:3> __rvm_sed -n -e '\#^gem_rake_version=# { s#^gem_rake_version=##;; p; }' -e '/^$/d'
+__rvm_sed:0> sed -n -e '\#^gem_rake_version=# { s#^gem_rake_version=##;; p; }' -e '/^$/d'
+__rvm_db:11> value='' 
+__rvm_db:13> [[ -n '' ]]
+__rvm_db:13> return 1
+gem_install:12> ((  0 == 0  ))
+gem_install:12> is_gem_installed
+is_gem_installed:2> typeset gem_spec
+is_gem_installed:3> gem_spec='gem '\''rake'\' 
+is_gem_installed:5> [[ -n '' ]]
+is_gem_installed:10> version_check='*([[:digit:]\.])' 
+is_gem_installed:13> __rvm_ls -ld '/Users/edsonma/.rvm/gems/ruby-3.1.0@global/gems/rake-*([[:digit:]\.])'
+is_gem_installed:14> /Users/edsonma/.rvm/rubies/ruby-3.1.0/bin/ruby -rrubygems -e 'gem '\''rake'\'
+gem_install:14> rvm_log 'gem rake  is already installed'
+rvm_log:2> [[ '' == 1 ]]
+rvm_log:4> printf %b 'gem rake  is already installed\n'
gem rake  is already installed
+gem_install:15> return 0
+gemset_import_list:9> line=rvm
+gemset_import_list:10> gem_install rvm
+gem_install:2> typeset gem_name gem_version version_check
+gem_install:4> gem_version='' 
+gem_install:5> __rvm_parse_gems_args rvm
+__rvm_parse_gems_args:2> typeset 'gem=rvm'
+__rvm_parse_gems_args:4> __rvm_string_match rvm '*.gem$'
+__rvm_string_match:2> typeset _string _search
+__rvm_string_match:3> _string=rvm 
+__rvm_string_match:4> shift
+__rvm_string_match:5> ((  1  ))
+__rvm_string_match:7> _search='*.gem$' 
+__rvm_string_match:8> _search='*.gem$' 
+__rvm_string_match:9> _search='*.gem$' 
+__rvm_string_match:10> eval '      case "${_string}" in        (*.gem$) return 0 ;;      esac      '
+(eval):1> case rvm (*.gem\$)
+__rvm_string_match:15> shift
+__rvm_string_match:5> ((  0  ))
+__rvm_string_match:17> return 1
+__rvm_parse_gems_args:9> gem_name=rvm 
+__rvm_parse_gems_args:10> case rvm (*--version*)
+__rvm_parse_gems_args:10> case rvm (*-v*)
+gem_install:7> [[ -z '' ]]
+gem_install:8> __rvm_db gem_rvm_version gem_version
+__rvm_db:2> typeset value key variable
+__rvm_db:3> key=gem_rvm_version 
+__rvm_db:4> variable=gem_version 
+__rvm_db:5> value='' 
+__rvm_db:7> [[ -f /Users/edsonma/.rvm/user/db ]]
+__rvm_db:8> value=+__rvm_db:8> __rvm_db_ /Users/edsonma/.rvm/user/db gem_rvm_version
+__rvm_db_:2> typeset __db __key __value
+__rvm_db_:3> __db=/Users/edsonma/.rvm/user/db 
+__rvm_db_:4> __key=gem_rvm_version 
+__rvm_db_:5> shift 2
+__rvm_db_:6> __value='' 
+__rvm_db_:7> case  (unset|delete)
+__rvm_db_:7> case  ()
+__rvm_db_:12> __rvm_db_get /Users/edsonma/.rvm/user/db gem_rvm_version
+__rvm_db_get:2> [[ -f /Users/edsonma/.rvm/user/db ]]
+__rvm_db_get:3> __rvm_sed -n -e '\#^gem_rvm_version=# { s#^gem_rvm_version=##;; p; }' -e '/^$/d'
+__rvm_sed:0> sed -n -e '\#^gem_rvm_version=# { s#^gem_rvm_version=##;; p; }' -e '/^$/d'
+__rvm_db:8> value='' 
+__rvm_db:10> [[ -z '' && -f /Users/edsonma/.rvm/config/db ]]
+__rvm_db:11> value=+__rvm_db:11> __rvm_db_ /Users/edsonma/.rvm/config/db gem_rvm_version
+__rvm_db_:2> typeset __db __key __value
+__rvm_db_:3> __db=/Users/edsonma/.rvm/config/db 
+__rvm_db_:4> __key=gem_rvm_version 
+__rvm_db_:5> shift 2
+__rvm_db_:6> __value='' 
+__rvm_db_:7> case  (unset|delete)
+__rvm_db_:7> case  ()
+__rvm_db_:12> __rvm_db_get /Users/edsonma/.rvm/config/db gem_rvm_version
+__rvm_db_get:2> [[ -f /Users/edsonma/.rvm/config/db ]]
+__rvm_db_get:3> __rvm_sed -n -e '\#^gem_rvm_version=# { s#^gem_rvm_version=##;; p; }' -e '/^$/d'
+__rvm_sed:0> sed -n -e '\#^gem_rvm_version=# { s#^gem_rvm_version=##;; p; }' -e '/^$/d'
+__rvm_db:11> value='>=1.11.3.9' 
+__rvm_db:13> [[ -n '>=1.11.3.9' ]]
+__rvm_db:14> [[ -n gem_version ]]
+__rvm_db:15> eval 'gem_version='\''>=1.11.3.9'\'
+(eval):1> gem_version='>=1.11.3.9' 
+__rvm_db:18> true
+gem_install:12> ((  0 == 0  ))
+gem_install:12> is_gem_installed
+is_gem_installed:2> typeset gem_spec
+is_gem_installed:3> gem_spec='gem '\''rvm'\' 
+is_gem_installed:5> [[ -n '>=1.11.3.9' ]]
+is_gem_installed:7> gem_spec+=', '\''>=1.11.3.9'\' 
+is_gem_installed:8> version_check=1.11.3.9 
+is_gem_installed:13> __rvm_ls -ld /Users/edsonma/.rvm/gems/ruby-3.1.0@global/gems/rvm-1.11.3.9
+is_gem_installed:14> /Users/edsonma/.rvm/rubies/ruby-3.1.0/bin/ruby -rrubygems -e 'gem '\''rvm'\'', '\''>=1.11.3.9'\'
+is_gem_installed:15> return 1
+gem_install:17> gem_install_force
+gem_install_force:2> typeset __available_gem
+gem_install_force:3> typeset -a install_params
+gem_install_force:5> install_params=( ) 
+gem_install_force:6> __available_gem=+gem_install_force:6> __available_gem=+gem_install_force:6> tail -n 1
+gem_install_force:6> __available_gem=/Users/edsonma/.rvm/gem-cache/rvm-1.11.3.9.gem 
+gem_install_force:8> [[ -n /Users/edsonma/.rvm/gem-cache/rvm-1.11.3.9.gem ]]
+gem_install_force:9> install_params+=( --local ) 
+gem_install_force:14> gem --version
+gem_install_force:14> __rvm_version_compare 3.3.3 -ge 2.2
+__rvm_version_compare:2> typeset first
+__rvm_version_compare:5> first=+__rvm_version_compare:5> printf %b '3.3.3\n2.2\n'
+__rvm_version_compare:5> first=+__rvm_version_compare:5> first=+__rvm_version_compare:5> head -n1
+__rvm_version_sort:2> awk '-F[.-]' -v 'OFS=.' $'{                   # split on "." and "-", merge back with "."\n    original=$0                                        # save original to preserve it before the line is changed\n    for (n=1; n<10; n++) {                             # iterate through max 9 components of version\n      $n=tolower($n)                                   # ignore case for sorting\n      if ($n == "")                 $n="0"             # treat non existing parts as 0\n      if ($n ~ /^p[0-9]/)           $n=substr($n, 2)   # old ruby -p notation\n      if ($n ~ /^[0-9](rc|b)/)      $n=substr($n, 1, 1)". "substr($n, 2)   # old jruby 0RC1 notation\n      if (n == 1 && $n ~ /^[0-9]/)  $n="zzz."$n        # first group must be a string\n      if (n > 1 && $n ~ /^[a-z]/)   $n=" "$n           # names go before numbers thanks to space\n    }\n    print $0"\\t"original                               # print the transformed version and original separated by \\t\n                                                       # so we can extract original after sorting\n  }'
+__rvm_version_sort:15> LC_ALL=C sort -t. -k 1,1d -k 2,2n -k 3,3n -k 4,4n -k 5,5n -k 6,6n -k 7,7n -k 8,8n -k 9,9n
+__rvm_version_sort:16> awk '-F\t' '{print $2}'
+__rvm_version_compare:5> first=2.2 
+__rvm_version_compare:7> case -ge (-eq|==|=)
+__rvm_version_compare:7> case -ge (-ne|!=)
+__rvm_version_compare:7> case -ge (-gt|\>)
+__rvm_version_compare:7> case -ge (-ge|\>=)
+__rvm_version_compare:21> [[ 2.2 == head ]]
+__rvm_version_compare:23> [[ 2.2 == 2.2 ]]
+__rvm_version_compare:43> return 0
+gem_install_force:15> install_params+=( --no-document ) 
+gem_install_force:31> __rvm_log_command 'gem.install.rvm->=1.11.3.9' 'installing gem /Users/edsonma/.rvm/gem-cache/rvm-1.11.3.9.gem --local --no-document' command gem install /Users/edsonma/.rvm/gem-cache/rvm-1.11.3.9.gem --local --no-document
+__rvm_log_command:2> typeset name message _command_start _command_name
+__rvm_log_command:3> typeset -a _command
+__rvm_log_command:5> name='gem.install.rvm->=1.11.3.9' 
+__rvm_log_command:6> message='installing gem /Users/edsonma/.rvm/gem-cache/rvm-1.11.3.9.gem --local --no-document' 
+__rvm_log_command:7> shift 2
+__rvm_log_command:8> _command=( command gem install /Users/edsonma/.rvm/gem-cache/rvm-1.11.3.9.gem --local --no-document ) 
+__rvm_log_command:9> _command_start=command 
+__rvm_log_command:10> ((  6  ))
+__rvm_log_command:10> [[ command == *=* ]]
+__rvm_log_command:13> _command_name=command 
+__rvm_log_command:15> [[ command != *=* ]]
+__rvm_log_command:16> __function_on_stack __rvm_log_command_internal
+__function_on_stack:2> __rvm_string_includes '' __rvm_log_command_internal
+__rvm_string_includes:2> typeset __search '__text='
+__rvm_string_includes:3> shift
+__rvm_string_includes:4> __search=__rvm_log_command_internal
+__rvm_string_includes:6> [[ '  ' == *\ __rvm_log_command_internal\ * ]]
+__rvm_string_includes:10> return 1
+__function_on_stack:2> return 1
+__rvm_log_command:18> __rvm_log_command_internal command gem install /Users/edsonma/.rvm/gem-cache/rvm-1.11.3.9.gem --local --no-document
+__rvm_log_command_internal:2> typeset _log
+__rvm_log_command_internal:4> ((  0 == 0  ))
+__rvm_log_command_internal:6> __rvm_log_command_caclulate_log_file_name
+__rvm_log_command_caclulate_log_file_name:2> [[ -n 1644374866 ]]
+__rvm_log_command_caclulate_log_file_name:3> [[ -n sealed, ]]
+__rvm_log_command_caclulate_log_file_name:4> [[ -n 250 ]]
+__rvm_log_command_caclulate_log_file_name:5> name='gem.install.rvm->=1.11.3.9' 
+__rvm_log_command_caclulate_log_file_name:6> _log='/Users/edsonma/.rvm/log/1644374866_ruby-3.1.0/gem.install.rvm->=1.11.3.9' 
+__rvm_log_command_caclulate_log_file_name:7> [[ -n 5.8 ]]
+__rvm_log_command_caclulate_log_file_name:8> _log='/Users/edsonma/.rvm/log/1644374866_ruby-3.1.0/gem.install.rvm->=1.11.3.9.log' 
+__rvm_log_command_internal:7> rvm_debug 'Log file: /Users/edsonma/.rvm/log/1644374866_ruby-3.1.0/gem.install.rvm->=1.11.3.9.log'
+rvm_debug:2> ((  0  ))
+rvm_debug:2> return 0
+__rvm_log_command_internal:9> [[ -d /Users/edsonma/.rvm/log/1644374866_ruby-3.1.0 ]]
+__rvm_log_command_internal:10> [[ -f '/Users/edsonma/.rvm/log/1644374866_ruby-3.1.0/gem.install.rvm->=1.11.3.9.log' ]]
+__rvm_log_command_internal:10> rm -f '/Users/edsonma/.rvm/log/1644374866_ruby-3.1.0/gem.install.rvm->=1.11.3.9.log'
+__rvm_log_command_internal:12> __rvm_log_command_debug
+__rvm_log_command_internal:12> rvm_debug_stream
+rvm_debug_stream:2> ((  0 == 0 && 0 == 0  ))
+__rvm_log_command_internal:12> tee '/Users/edsonma/.rvm/log/1644374866_ruby-3.1.0/gem.install.rvm->=1.11.3.9.log'
+__rvm_log_command_debug:2> __rvm_date '+%Y-%m-%d %H:%M:%S'
+rvm_debug_stream:3> cat -
+__rvm_date:0> date '+%Y-%m-%d %H:%M:%S'
+__rvm_log_command_debug:2> printf %b '[2022-02-08 23:50:53] command\n'
+__rvm_log_command_debug:3> is_a_function command
+is_a_function:2> typeset -f command
+is_a_function:2> return 1
+__rvm_log_command_debug:6> printf %b 'current path: /Users/edsonma/.rvm/src/ruby-3.1.0\n'
+__rvm_log_command_debug:7> __rvm_grep -E '^GEM_HOME=|^GEM_PATH=|^PATH='
+__rvm_log_command_debug:7> env
+__rvm_grep:0> GREP_OPTIONS='' grep -E '^GEM_HOME=|^GEM_PATH=|^PATH='
+__rvm_log_command_debug:8> printf %b 'command(6): command gem install /Users/edsonma/.rvm/gem-cache/rvm-1.11.3.9.gem --local --no-document\n'
+__rvm_log_command_internal:14> __rvm_log_dotted '/Users/edsonma/.rvm/log/1644374866_ruby-3.1.0/gem.install.rvm->=1.11.3.9.log' 'installing gem /Users/edsonma/.rvm/gem-cache/rvm-1.11.3.9.gem --local --no-document' command gem install /Users/edsonma/.rvm/gem-cache/rvm-1.11.3.9.gem --local --no-document
+__rvm_log_dotted:2> typeset __log_file __message __iterator __result __local_rvm_trace_flag
+__rvm_log_dotted:3> __log_file='/Users/edsonma/.rvm/log/1644374866_ruby-3.1.0/gem.install.rvm->=1.11.3.9.log' 
+__rvm_log_dotted:4> __message='installing gem /Users/edsonma/.rvm/gem-cache/rvm-1.11.3.9.gem --local --no-document' 
+__rvm_log_dotted:5> shift 2
+__rvm_log_dotted:6> __result=0 
+__rvm_log_dotted:7> __local_rvm_trace_flag=0 
+__rvm_log_dotted:9> ((  0  ))
+__rvm_log_dotted:18> [[ -n 5.8 ]]
+__rvm_log_dotted:20> rvm_log 'installing gem /Users/edsonma/.rvm/gem-cache/rvm-1.11.3.9.gem --local --no-document - please wait'
+rvm_log:2> [[ '' == 1 ]]
+rvm_log:4> printf %b 'installing gem /Users/edsonma/.rvm/gem-cache/rvm-1.11.3.9.gem --local --no-document - please wait\n'
installing gem /Users/edsonma/.rvm/gem-cache/rvm-1.11.3.9.gem --local --no-document - please wait
+gem_install:19> true
+gemset_import_list:9> line=bundler
+gemset_import_list:10> gem_install bundler
+gem_install:2> typeset gem_name gem_version version_check
+gem_install:4> gem_version='' 
+gem_install:5> __rvm_parse_gems_args bundler
+__rvm_parse_gems_args:2> typeset 'gem=bundler'
+__rvm_parse_gems_args:4> __rvm_string_match bundler '*.gem$'
+__rvm_string_match:2> typeset _string _search
+__rvm_string_match:3> _string=bundler 
+__rvm_string_match:4> shift
+__rvm_string_match:5> ((  1  ))
+__rvm_string_match:7> _search='*.gem$' 
+__rvm_string_match:8> _search='*.gem$' 
+__rvm_string_match:9> _search='*.gem$' 
+__rvm_string_match:10> eval '      case "${_string}" in        (*.gem$) return 0 ;;      esac      '
+(eval):1> case bundler (*.gem\$)
+__rvm_string_match:15> shift
+__rvm_string_match:5> ((  0  ))
+__rvm_string_match:17> return 1
+__rvm_parse_gems_args:9> gem_name=bundler 
+__rvm_parse_gems_args:10> case bundler (*--version*)
+__rvm_parse_gems_args:10> case bundler (*-v*)
+gem_install:7> [[ -z '' ]]
+gem_install:8> __rvm_db gem_bundler_version gem_version
+__rvm_db:2> typeset value key variable
+__rvm_db:3> key=gem_bundler_version 
+__rvm_db:4> variable=gem_version 
+__rvm_db:5> value='' 
+__rvm_db:7> [[ -f /Users/edsonma/.rvm/user/db ]]
+__rvm_db:8> value=+__rvm_db:8> __rvm_db_ /Users/edsonma/.rvm/user/db gem_bundler_version
+__rvm_db_:2> typeset __db __key __value
+__rvm_db_:3> __db=/Users/edsonma/.rvm/user/db 
+__rvm_db_:4> __key=gem_bundler_version 
+__rvm_db_:5> shift 2
+__rvm_db_:6> __value='' 
+__rvm_db_:7> case  (unset|delete)
+__rvm_db_:7> case  ()
+__rvm_db_:12> __rvm_db_get /Users/edsonma/.rvm/user/db gem_bundler_version
+__rvm_db_get:2> [[ -f /Users/edsonma/.rvm/user/db ]]
+__rvm_db_get:3> __rvm_sed -n -e '\#^gem_bundler_version=# { s#^gem_bundler_version=##;; p; }' -e '/^$/d'
+__rvm_sed:0> sed -n -e '\#^gem_bundler_version=# { s#^gem_bundler_version=##;; p; }' -e '/^$/d'
+__rvm_db:8> value='' 
+__rvm_db:10> [[ -z '' && -f /Users/edsonma/.rvm/config/db ]]
+__rvm_db:11> value=+__rvm_db:11> __rvm_db_ /Users/edsonma/.rvm/config/db gem_bundler_version
+__rvm_db_:2> typeset __db __key __value
+__rvm_db_:3> __db=/Users/edsonma/.rvm/config/db 
+__rvm_db_:4> __key=gem_bundler_version 
+__rvm_db_:5> shift 2
+__rvm_db_:6> __value='' 
+__rvm_db_:7> case  (unset|delete)
+__rvm_db_:7> case  ()
+__rvm_db_:12> __rvm_db_get /Users/edsonma/.rvm/config/db gem_bundler_version
+__rvm_db_get:2> [[ -f /Users/edsonma/.rvm/config/db ]]
+__rvm_db_get:3> __rvm_sed -n -e '\#^gem_bundler_version=# { s#^gem_bundler_version=##;; p; }' -e '/^$/d'
+__rvm_sed:0> sed -n -e '\#^gem_bundler_version=# { s#^gem_bundler_version=##;; p; }' -e '/^$/d'
+__rvm_db:11> value='' 
+__rvm_db:13> [[ -n '' ]]
+__rvm_db:13> return 1
+gem_install:12> ((  0 == 0  ))
+gem_install:12> is_gem_installed
+is_gem_installed:2> typeset gem_spec
+is_gem_installed:3> gem_spec='gem '\''bundler'\' 
+is_gem_installed:5> [[ -n '' ]]
+is_gem_installed:10> version_check='*([[:digit:]\.])' 
+is_gem_installed:13> __rvm_ls -ld '/Users/edsonma/.rvm/gems/ruby-3.1.0@global/gems/bundler-*([[:digit:]\.])'
+is_gem_installed:14> /Users/edsonma/.rvm/rubies/ruby-3.1.0/bin/ruby -rrubygems -e 'gem '\''bundler'\'
+gem_install:14> rvm_log 'gem bundler  is already installed'
+rvm_log:2> [[ '' == 1 ]]
+rvm_log:4> printf %b 'gem bundler  is already installed\n'
gem bundler  is already installed
+gem_install:15> return 0
