+__rvm_make:0> make install
generating x86_64-darwin21-fake.rb
x86_64-darwin21-fake.rb updated
	BASERUBY = /Users/edsonma/.rbenv/shims/ruby --disable=gems
	CC = gcc
	LD = ld
	LDSHARED = gcc -dynamiclib
	CFLAGS = -O3 -I/usr/local/opt/libyaml/include -I/usr/local/opt/libksba/include -I/usr/local/opt/readline/include -I/usr/local/opt/zlib/include -I/usr/local/opt/openssl@1.1/include -fdeclspec -O3 -fno-fast-math -ggdb3 -Wall -Wextra -Wdeprecated-declarations -Wdivision-by-zero -Wimplicit-function-declaration -Wimplicit-int -Wmisleading-indentation -Wpointer-arith -Wshorten-64-to-32 -Wwrite-strings -Wold-style-definition -Wmissing-noreturn -Wno-constant-logical-operand -Wno-long-long -Wno-missing-field-initializers -Wno-overlength-strings -Wno-parentheses-equality -Wno-self-assign -Wno-tautological-compare -Wno-unused-parameter -Wno-unused-value -Wunused-variable -Wextra-tokens -Wundef -std=gnu99 -fno-common -pipe 
	XCFLAGS = -D_FORTIFY_SOURCE=2 -fstack-protector-strong -fno-strict-overflow -fvisibility=hidden -DRUBY_EXPORT -I. -I.ext/include/x86_64-darwin21 -I./include -I. -I./enc/unicode/13.0.0
	CPPFLAGS = -D_XOPEN_SOURCE -D_DARWIN_C_SOURCE -D_DARWIN_UNLIMITED_SELECT -D_REENTRANT   
	DLDFLAGS = -L/usr/local/opt/libyaml/lib -L/usr/local/opt/libksba/lib -L/usr/local/opt/readline/lib -L/usr/local/opt/zlib/lib -L/usr/local/opt/openssl@1.1/lib -Wl,-undefined,dynamic_lookup -Wl,-multiply_defined,suppress -install_name /Users/edsonma/.rvm/rubies/ruby-3.1.0/lib/libruby.3.1.dylib -compatibility_version 3.1 -current_version 3.1.0  -fstack-protector-strong -framework CoreFoundation  -fstack-protector-strong -framework CoreFoundation  
	SOLIBS = -lpthread -lgmp -ldl -lobjc
	LANG = en_US.UTF-8
	LC_ALL = 
	LC_CTYPE = UTF-8
	MFLAGS = 
Configured with: --prefix=/Applications/Xcode.app/Contents/Developer/usr --with-gxx-include-dir=/Applications/Xcode.app/Contents/Developer/Platforms/MacOSX.platform/Developer/SDKs/MacOSX.sdk/usr/include/c++/4.2.1
Apple clang version 13.0.0 (clang-1300.0.29.3)
Target: x86_64-apple-darwin21.1.0
Thread model: posix
InstalledDir: /Applications/Xcode.app/Contents/Developer/Toolchains/XcodeDefault.xctoolchain/usr/bin
generating enc.mk
making srcs under enc
make[1]: Nothing to be done for `srcs'.
generating transdb.h
transdb.h unchanged
generating makefiles ext/configure-ext.mk
ext/configure-ext.mk updated
generating makefile exts.mk
exts.mk unchanged
./revision.h unchanged
make[1]: Nothing to be done for `note'.
making enc
make[1]: Nothing to be done for `enc'.
making trans
make[1]: Nothing to be done for `./enc/trans'.
making encs
make[1]: Nothing to be done for `encs'.
./miniruby -I./lib -I. -I.ext/common  ./tool/runruby.rb --extout=.ext  -- --disable-gems -r./x86_64-darwin21-fake ./tool/rbinstall.rb --make="/Applications/Xcode.app/Contents/Developer/usr/bin/make" --dest-dir="" --extout=".ext" --ext-build-dir="./ext" --mflags="" --make-flags="" --data-mode=0644 --prog-mode=0755 --installed-list .installed.list --mantype="doc"  --gnumake --install=all --exclude=doc
installing binary commands:         /Users/edsonma/.rvm/rubies/ruby-3.1.0/bin
installing base libraries:          /Users/edsonma/.rvm/rubies/ruby-3.1.0/lib
installing arch files:              /Users/edsonma/.rvm/rubies/ruby-3.1.0/lib/ruby/3.1.0/x86_64-darwin21
installing pkgconfig data:          /Users/edsonma/.rvm/rubies/ruby-3.1.0/lib/pkgconfig
installing extension objects:       /Users/edsonma/.rvm/rubies/ruby-3.1.0/lib/ruby/3.1.0/x86_64-darwin21
installing extension objects:       /Users/edsonma/.rvm/rubies/ruby-3.1.0/lib/ruby/site_ruby/3.1.0/x86_64-darwin21
installing extension objects:       /Users/edsonma/.rvm/rubies/ruby-3.1.0/lib/ruby/vendor_ruby/3.1.0/x86_64-darwin21
installing extension headers:       /Users/edsonma/.rvm/rubies/ruby-3.1.0/include/ruby-3.1.0/x86_64-darwin21
installing extension scripts:       /Users/edsonma/.rvm/rubies/ruby-3.1.0/lib/ruby/3.1.0
installing extension scripts:       /Users/edsonma/.rvm/rubies/ruby-3.1.0/lib/ruby/site_ruby/3.1.0
installing extension scripts:       /Users/edsonma/.rvm/rubies/ruby-3.1.0/lib/ruby/vendor_ruby/3.1.0
installing extension headers:       /Users/edsonma/.rvm/rubies/ruby-3.1.0/include/ruby-3.1.0/ruby
installing command scripts:         /Users/edsonma/.rvm/rubies/ruby-3.1.0/bin
installing library scripts:         /Users/edsonma/.rvm/rubies/ruby-3.1.0/lib/ruby/3.1.0
installing common headers:          /Users/edsonma/.rvm/rubies/ruby-3.1.0/include/ruby-3.1.0
installing manpages:                /Users/edsonma/.rvm/rubies/ruby-3.1.0/share/man/man1
installing default gems from lib:   /Users/edsonma/.rvm/rubies/ruby-3.1.0/lib/ruby/gems/3.1.0
                                    abbrev 0.1.0
                                    base64 0.1.1
                                    benchmark 0.2.0
                                    bundler 2.3.3
                                    cgi 0.3.1
                                    csv 3.2.2
                                    delegate 0.2.0
                                    did_you_mean 1.6.1
                                    drb 2.1.0
                                    english 0.7.1
                                    erb 2.2.3
                                    error_highlight 0.3.0
                                    fileutils 1.6.0
                                    find 0.1.1
                                    forwardable 1.3.2
                                    getoptlong 0.1.1
                                    ipaddr 1.2.3
                                    irb 1.4.1
                                    logger 1.5.0
                                    mutex_m 0.1.1
                                    net-http 0.2.0
                                    net-protocol 0.1.2
                                    observer 0.1.1
                                    open-uri 0.2.0
                                    open3 0.1.1
                                    optparse 0.2.0
                                    ostruct 0.5.2
                                    pp 0.3.0
                                    prettyprint 0.1.1
                                    pstore 0.1.1
                                    racc 1.6.0
                                    rdoc 6.4.0
                                    readline 0.0.3
                                    reline 0.3.0
                                    resolv 0.2.1
                                    resolv-replace 0.1.0
                                    rinda 0.1.1
                                    ruby2_keywords 0.0.5
                                    securerandom 0.1.1
                                    set 1.0.2
                                    shellwords 0.1.0
                                    singleton 0.1.1
                                    tempfile 0.1.2
                                    time 0.2.0
                                    timeout 0.2.0
                                    tmpdir 0.1.2
                                    tsort 0.1.0
                                    un 0.2.0
                                    uri 0.11.0
                                    weakref 0.1.1
                                    yaml 0.2.0
installing default gems from ext:   /Users/edsonma/.rvm/rubies/ruby-3.1.0/lib/ruby/gems/3.1.0
                                    bigdecimal 3.1.1
                                    date 3.2.2
                                    digest 3.1.0
                                    etc 1.3.0
                                    fcntl 1.0.1
                                    fiddle 1.1.0
                                    io-console 0.5.10
                                    io-nonblock 0.1.0
                                    io-wait 0.2.1
                                    json 2.6.1
                                    nkf 0.1.1
                                    openssl 3.0.0
                                    pathname 0.2.0
                                    psych 4.0.3
                                    readline-ext 0.1.4
                                    stringio 3.0.1
                                    strscan 3.0.1
                                    syslog 0.1.0
                                    zlib 2.1.1
installing bundled gems:            /Users/edsonma/.rvm/rubies/ruby-3.1.0/lib/ruby/gems/3.1.0
                                    minitest 5.15.0
                                    power_assert 2.0.1
                                    rake 13.0.6
                                    test-unit 3.5.3
                                    rexml 3.2.5
                                    rss 0.2.9
                                    net-ftp 0.1.3
                                    net-imap 0.2.2
                                    net-pop 0.1.1
                                    net-smtp 0.3.1
                                    matrix 0.4.2
                                    prime 0.1.2
                                    rbs 2.0.0
Building native extensions. This could take a while...
                                    typeprof 0.21.1
                                    debug 1.4.0
Building native extensions. This could take a while...
installing bundled gem cache:       /Users/edsonma/.rvm/rubies/ruby-3.1.0/lib/ruby/gems/3.1.0/cache
