+__rvm_make:0> make -j12
	BASERUBY = /Users/edsonma/.rbenv/shims/ruby --disable=gems
	CC = gcc
	LD = ld
	LDSHARED = gcc -dynamiclib
	CFLAGS = -O3 -I/usr/local/opt/libyaml/include -I/usr/local/opt/libksba/include -I/usr/local/opt/readline/include -I/usr/local/opt/zlib/include -I/usr/local/opt/openssl@1.1/include -fdeclspec -O3 -fno-fast-math -ggdb3 -Wall -Wextra -Wdeprecated-declarations -Wdivision-by-zero -Wimplicit-function-declaration -Wimplicit-int -Wmisleading-indentation -Wpointer-arith -Wshorten-64-to-32 -Wwrite-strings -Wold-style-definition -Wmissing-noreturn -Wno-constant-logical-operand -Wno-long-long -Wno-missing-field-initializers -Wno-overlength-strings -Wno-parentheses-equality -Wno-self-assign -Wno-tautological-compare -Wno-unused-parameter -Wno-unused-value -Wunused-variable -Wextra-tokens -Wundef -std=gnu99 -fno-common -pipe 
	XCFLAGS = -D_FORTIFY_SOURCE=2 -fstack-protector-strong -fno-strict-overflow -fvisibility=hidden -DRUBY_EXPORT -I. -I.ext/include/x86_64-darwin21 -I./include -I. -I./enc/unicode/13.0.0
	CPPFLAGS = -D_XOPEN_SOURCE -D_DARWIN_C_SOURCE -D_DARWIN_UNLIMITED_SELECT -D_REENTRANT   
	DLDFLAGS = -L/usr/local/opt/libyaml/lib -L/usr/local/opt/libksba/lib -L/usr/local/opt/readline/lib -L/usr/local/opt/zlib/lib -L/usr/local/opt/openssl@1.1/lib -Wl,-undefined,dynamic_lookup -Wl,-multiply_defined,suppress -install_name /Users/edsonma/.rvm/rubies/ruby-3.1.0/lib/libruby.3.1.dylib -compatibility_version 3.1 -current_version 3.1.0  -fstack-protector-strong -framework CoreFoundation  -fstack-protector-strong -framework CoreFoundation  
	SOLIBS = -lpthread -lgmp -ldl -lobjc
	LANG = en_US.UTF-8
	LC_ALL = 
	LC_CTYPE = UTF-8
	MFLAGS = - --jobserver-fds=4,5 -j
Configured with: --prefix=/Applications/Xcode.app/Contents/Developer/usr --with-gxx-include-dir=/Applications/Xcode.app/Contents/Developer/Platforms/MacOSX.platform/Developer/SDKs/MacOSX.sdk/usr/include/c++/4.2.1
Apple clang version 13.0.0 (clang-1300.0.29.3)
Target: x86_64-apple-darwin21.1.0
Thread model: posix
InstalledDir: /Applications/Xcode.app/Contents/Developer/Toolchains/XcodeDefault.xctoolchain/usr/bin
compiling ./main.c
compiling dmydln.c
compiling miniinit.c
compiling dmyext.c
translating probes probes.d
compiling ast.c
compiling bignum.c
compiling class.c
compiling compar.c
compiling compile.c
compiling complex.c
compiling cont.c
compiling debug.c
. ./vm_opts.h
compiling debug_counter.c
compiling dir.c
compiling dln_find.c
compiling encoding.c
compiling enum.c
compiling enumerator.c
compiling error.c
compiling eval.c
compiling file.c
compiling gc.c
compiling hash.c
compiling inits.c
compiling io.c
compiling io_buffer.c
compiling iseq.c
compiling load.c
compiling marshal.c
compiling math.c
compiling memory_view.c
making mjit_config.h
compiling mjit_compile.c
compiling node.c
compiling numeric.c
compiling object.c
compiling pack.c
compiling parse.c
compiling proc.c
compiling process.c
compiling ractor.c
compiling random.c
compiling range.c
compiling rational.c
compiling re.c
compiling regcomp.c
compiling regenc.c
compiling regerror.c
compiling regexec.c
compiling regparse.c
compiling regsyntax.c
compiling ruby.c
compiling scheduler.c
compiling signal.c
compiling sprintf.c
compiling st.c
compiling strftime.c
compiling string.c
compiling struct.c
compiling symbol.c
compiling thread.c
compiling time.c
compiling transcode.c
compiling transient_heap.c
compiling util.c
compiling variable.c
compiling vm.c
compiling vm_backtrace.c
compiling vm_dump.c
compiling vm_sync.c
compiling vm_trace.c
compiling yjit.c
compiling ./missing/explicit_bzero.c
compiling ./missing/setproctitle.c
compiling addr2line.c
compiling dmyenc.c
compiling dln.c
compiling localeinit.c
compiling array.c
compiling mjit.c
config.status: creating ruby-runner.h
assembling coroutine/amd64/Context.S
compiling enc/ascii.c
compiling enc/us_ascii.c
compiling enc/unicode.c
compiling enc/utf_8.c
compiling enc/trans/newline.c
./revision.h unchanged
compiling version.c
linking miniruby
generating encdb.h
encdb.h updated
builtin_binary.inc updated
compiling builtin.c
/bin/sh ./tool/ifchange "--timestamp=.rbconfig.time" rbconfig.rb rbconfig.tmp
rbconfig.rb updated
generating enc.mk
creating verconf.h
building rb_mjit_header.h
verconf.h updated
compiling loadpath.c
making srcs under enc
rb_mjit_header.h updated
building .ext/include/x86_64-darwin21/rb_mjit_min_header-3.1.0.h
make[1]: Nothing to be done for `srcs'.
generating transdb.h
linking static-library libruby.3.1-static.a
transdb.h updated
linking shared-library libruby.3.1.dylib
transform_mjit_header: making external definition static inline: rb_vm_lvar_exposed, Init_vm_stack_canary, rb_vm_opt_cfunc_p, rb_vm_opt_mod, rb_vm_ic_hit_p, rb_vm_splat_array, rb_vm_defined, rb_vm_cc_general, rb_aliased_callable_method_entry, rb_find_defined_class_by_owner, rb_vm_call_ivar_attrset_p, rb_iseq_only_kwparam_p, rb_iseq_only_optparam_p, rb_vm_set_ivar_idx, rb_vm_setinstancevariable, rb_vm_setclassvariable, rb_vm_getclassvariable, rb_vm_rewrite_cref, rb_vm_get_cref, rb_vm_block_ep_update, rb_vm_cref_new_toplevel, rb_vm_cref_dup_without_refinements, rb_vm_frame_block_handler, rb_vm_cframe_keyword_p, rb_vm_ep_local_ep
transform_mjit_header: making declaration static inline: rb_vm_lvar_exposed, rb_vm_lvar_exposed, Init_vm_stack_canary, rb_vm_rewrite_cref, rb_vm_frame_block_handler, rb_vm_block_ep_update, rb_vm_ep_local_ep
transform_mjit_header: SKIPPED to transform: __sigbits, isspecial, isrune, isphonogram, isnumber, isideogram, ishexnumber, digittoint, toupper, tolower, toascii, isxdigit, isupper, isspace, ispunct, isprint, islower, isgraph, isdigit, iscntrl, isblank, isalpha, isalnum, __wcwidth, __isctype, __istype, isascii, __sincospi, __sincospif, __sincos, __sincosf, __inline_isnormall, __inline_isnormald, __inline_isnormalf, __inline_signbitl, __inline_signbitd, __inline_signbitf, __inline_isnanl, __inline_isnand, __inline_isnanf, __inline_isinfl, __inline_isinfd, __inline_isinff, __inline_isfinitel, __inline_isfinited, __inline_isfinitef, __darwin_fd_clr, __darwin_fd_set, __darwin_fd_isset, __darwin_check_fd_set, __sputc
ln -sf ../../../.ext/include/x86_64-darwin21/rb_mjit_min_header-3.1.0.h include/ruby-3.1.0/x86_64-darwin21/rb_mjit_min_header-3.1.0.h
generating makefiles ext/configure-ext.mk
building spec/ruby/optional/capi/ext/array_spec.bundle
building spec/ruby/optional/capi/ext/basic_object_spec.bundle
building spec/ruby/optional/capi/ext/bignum_spec.bundle
building spec/ruby/optional/capi/ext/binding_spec.bundle
building spec/ruby/optional/capi/ext/boolean_spec.bundle
building spec/ruby/optional/capi/ext/class_id_under_autoload_spec.bundle
building spec/ruby/optional/capi/ext/class_spec.bundle
building spec/ruby/optional/capi/ext/class_under_autoload_spec.bundle
building spec/ruby/optional/capi/ext/complex_spec.bundle
building spec/ruby/optional/capi/ext/constants_spec.bundle
building spec/ruby/optional/capi/ext/data_spec.bundle
ext/configure-ext.mk updated
building spec/ruby/optional/capi/ext/debug_spec.bundle
building spec/ruby/optional/capi/ext/encoding_spec.bundle
building spec/ruby/optional/capi/ext/enumerator_spec.bundle
building spec/ruby/optional/capi/ext/exception_spec.bundle
building spec/ruby/optional/capi/ext/fiber_spec.bundle
building spec/ruby/optional/capi/ext/file_spec.bundle
building spec/ruby/optional/capi/ext/fixnum_spec.bundle
building spec/ruby/optional/capi/ext/float_spec.bundle
building spec/ruby/optional/capi/ext/gc_spec.bundle
building spec/ruby/optional/capi/ext/globals_spec.bundle
building spec/ruby/optional/capi/ext/hash_spec.bundle
building spec/ruby/optional/capi/ext/integer_spec.bundle
building spec/ruby/optional/capi/ext/io_spec.bundle
building spec/ruby/optional/capi/ext/kernel_spec.bundle
building spec/ruby/optional/capi/ext/language_spec.bundle
building spec/ruby/optional/capi/ext/marshal_spec.bundle
building spec/ruby/optional/capi/ext/module_spec.bundle
building spec/ruby/optional/capi/ext/module_under_autoload_spec.bundle
building spec/ruby/optional/capi/ext/mutex_spec.bundle
building spec/ruby/optional/capi/ext/numeric_spec.bundle
building spec/ruby/optional/capi/ext/object_spec.bundle
building spec/ruby/optional/capi/ext/proc_spec.bundle
building spec/ruby/optional/capi/ext/range_spec.bundle
building spec/ruby/optional/capi/ext/rational_spec.bundle
building spec/ruby/optional/capi/ext/rbasic_spec.bundle
building spec/ruby/optional/capi/ext/regexp_spec.bundle
building spec/ruby/optional/capi/ext/st_spec.bundle
building spec/ruby/optional/capi/ext/string_spec.bundle
building spec/ruby/optional/capi/ext/struct_spec.bundle
building spec/ruby/optional/capi/ext/symbol_spec.bundle
building spec/ruby/optional/capi/ext/thread_spec.bundle
building spec/ruby/optional/capi/ext/time_spec.bundle
building spec/ruby/optional/capi/ext/tracepoint_spec.bundle
building spec/ruby/optional/capi/ext/typed_data_spec.bundle
building spec/ruby/optional/capi/ext/util_spec.bundle
making enc
making trans
compiling ./enc/encdb.c
compiling ./enc/trans/transdb.c
compiling ./enc/big5.c
compiling ./enc/cesu_8.c
compiling ./enc/trans/big5.c
compiling ./enc/cp949.c
compiling ./enc/emacs_mule.c
compiling ./enc/trans/cesu_8.c
configuring -test-/RUBY_ALIGNOF
configuring bigdecimal
configuring cgi/escape
compiling ./enc/trans/chinese.c
compiling ./enc/euc_jp.c
configuring continuation
compiling ./enc/euc_kr.c
configuring coverage
compiling ./enc/euc_tw.c
compiling ./enc/trans/ebcdic.c
configuring date
configuring digest
compiling ./enc/trans/emoji.c
configuring digest/bubblebabble
configuring digest/md5
compiling ./enc/trans/emoji_iso2022_kddi.c
configuring etc
compiling ./enc/gb2312.c
compiling ./enc/trans/emoji_sjis_docomo.c
configuring -test-/arith_seq/extract
configuring -test-/array/concat
configuring -test-/array/resize
configuring -test-/bignum
configuring -test-/bug-14834
compiling ./enc/gb18030.c
configuring -test-/bug-3571
configuring -test-/bug-5832
configuring -test-/bug_reporter
configuring -test-/class
configuring -test-/cxxanyargs
configuring fcntl
compiling ./enc/trans/emoji_sjis_kddi.c
configuring -test-/debug
configuring -test-/dln/empty
configuring -test-/enumerator_kw
configuring -test-/exception
configuring digest/rmd160
configuring -test-/fatal
configuring -test-/file
compiling ./enc/gbk.c
compiling ./enc/trans/emoji_sjis_softbank.c
compiling ./enc/iso_8859_1.c
configuring fiddle
compiling ./enc/iso_8859_2.c
configuring digest/sha1
compiling ./enc/iso_8859_3.c
configuring digest/sha2
compiling ./enc/iso_8859_4.c
compiling ./enc/iso_8859_5.c
compiling ./enc/trans/escape.c
compiling ./enc/iso_8859_6.c
compiling ./enc/iso_8859_7.c
configuring io/console
compiling ./enc/iso_8859_8.c
configuring json
configuring json/generator
configuring json/parser
compiling ./enc/trans/gb18030.c
compiling ./enc/iso_8859_9.c
configuring monitor
compiling ./enc/trans/gbk.c
compiling ./enc/iso_8859_10.c
libffi_version: 3.4.2
configuring nkf
compiling ./enc/trans/iso2022.c
compiling ./enc/iso_8859_11.c
configuring objspace
compiling ./enc/trans/japanese.c
compiling ./enc/iso_8859_13.c
compiling ./enc/iso_8859_14.c
configuring openssl
compiling ./enc/trans/japanese_euc.c
compiling ./enc/iso_8859_15.c
compiling ./enc/iso_8859_16.c
compiling ./enc/koi8_r.c
compiling ./enc/trans/japanese_sjis.c
compiling ./enc/koi8_u.c
configuring io/nonblock
compiling ./enc/shift_jis.c
configuring -test-/float
configuring -test-/funcall
configuring -test-/gvl/call_without_gvl
configuring -test-/hash
configuring -test-/integer
configuring -test-/iseq_load
configuring -test-/iter
configuring -test-/load/dot.dot
configuring -test-/load/protect
configuring -test-/marshal/compat
configuring -test-/marshal/internal_ivar
configuring -test-/marshal/usr
configuring -test-/memory_status
configuring -test-/memory_view
configuring -test-/method
configuring -test-/notimplement
configuring -test-/num2int
configuring -test-/path_to_class
configuring -test-/popen_deadlock
configuring -test-/postponed_job
configuring -test-/printf
configuring -test-/proc
configuring -test-/random
configuring -test-/rational
configuring -test-/rb_call_super_kw
compiling ./enc/utf_16be.c
configuring -test-/recursion
configuring -test-/regexp
configuring -test-/scan_args
configuring -test-/st/foreach
configuring -test-/st/numhash
configuring -test-/st/update
configuring -test-/string
configuring io/wait
configuring -test-/struct
configuring -test-/symbol
compiling ./enc/utf_16le.c
compiling ./enc/utf_32be.c
compiling ./enc/utf_32le.c
configuring -test-/thread_fd
configuring -test-/time
configuring -test-/tracepoint
configuring -test-/typeddata
configuring -test-/vm
configuring -test-/wait
compiling ./enc/trans/korean.c
compiling ./enc/windows_31j.c
configuring pathname
compiling ./enc/windows_1250.c
configuring psych
compiling ./enc/windows_1251.c
compiling ./enc/windows_1252.c
compiling ./enc/windows_1253.c
compiling ./enc/windows_1254.c
compiling ./enc/windows_1257.c
configuring pty
linking encoding encdb.bundle
compiling ./enc/trans/single_byte.c
linking encoding big5.bundle
linking encoding cesu_8.bundle
linking encoding cp949.bundle
linking encoding emacs_mule.bundle
compiling ./enc/trans/utf8_mac.c
configuring racc/cparse
linking encoding euc_jp.bundle
linking encoding euc_kr.bundle
linking encoding euc_tw.bundle
configuring rbconfig/sizeof
linking encoding gb2312.bundle
compiling ./enc/trans/utf_16_32.c
linking encoding gb18030.bundle
linking encoding gbk.bundle
linking encoding iso_8859_1.bundle
linking encoding iso_8859_2.bundle
linking transcoder transdb.bundle
configuring readline
linking encoding iso_8859_3.bundle
configuring ripper
linking encoding iso_8859_4.bundle
configuring rubyvm
linking transcoder big5.bundle
linking encoding iso_8859_5.bundle
configuring socket
linking encoding iso_8859_6.bundle
configuring stringio
linking transcoder cesu_8.bundle
linking encoding iso_8859_7.bundle
linking encoding iso_8859_8.bundle
configuring strscan
configuring syslog
linking encoding iso_8859_9.bundle
linking transcoder chinese.bundle
linking encoding iso_8859_10.bundle
linking encoding iso_8859_11.bundle
linking transcoder ebcdic.bundle
linking encoding iso_8859_13.bundle
linking encoding iso_8859_14.bundle
linking transcoder emoji.bundle
linking encoding iso_8859_15.bundle
configuring zlib
linking transcoder emoji_iso2022_kddi.bundle
linking encoding iso_8859_16.bundle
linking transcoder emoji_sjis_docomo.bundle
linking encoding koi8_r.bundle
linking transcoder emoji_sjis_kddi.bundle
linking encoding koi8_u.bundle
linking transcoder emoji_sjis_softbank.bundle
linking encoding shift_jis.bundle
linking transcoder escape.bundle
linking encoding utf_16be.bundle
linking transcoder gb18030.bundle
linking encoding utf_16le.bundle
linking transcoder gbk.bundle
linking encoding utf_32be.bundle
linking transcoder iso2022.bundle
linking encoding utf_32le.bundle
linking transcoder japanese.bundle
linking encoding windows_31j.bundle
linking transcoder japanese_euc.bundle
linking encoding windows_1250.bundle
linking transcoder japanese_sjis.bundle
linking encoding windows_1251.bundle
linking transcoder korean.bundle
linking encoding windows_1252.bundle
linking transcoder single_byte.bundle
linking encoding windows_1253.bundle
linking transcoder utf8_mac.bundle
linking transcoder utf_16_32.bundle
linking encoding windows_1254.bundle
linking encoding windows_1257.bundle
making encs
make[1]: Nothing to be done for `encs'.
generating makefile exts.mk
exts.mk updated
compiling cxxanyargs.cpp
compiling bug.c
compiling to_ary_concat.c
compiling compiling extract.c
resize.c
compiling c.c
compiling bug-14384.c
compiling bug.c
compiling bug_reporter.c
compiling big2str.c
compiling class2name.c
compiling init.c
compiling cpp.cpp
compiling inspector.c
compiling init.c
linking shared-object -test-/bug_5832.bundle
linking shared-object -test-/array/to_ary_concat.bundle
linking shared-object -test-/bug_3571.bundle
linking shared-object -test-/bug_reporter.bundle
linking shared-object -test-/arith_seq/extract.bundle
linking shared-object -test-/bug_14834.bundle
linking shared-object -test-/array/resize.bundle
compiling bigzero.c
compiling profile_frames.c
compiling div.c
compiling empty.c
compiling enumerator_kw.c
compiling dataerror.c
linking shared-object -test-/dln/empty.bundle
linking shared-object -test-/class.bundle
compiling init.c
compiling rb_fatal.c
linking shared-object -test-/RUBY_ALIGNOF.bundle
compiling intpack.c
compiling enc_raise.c
linking shared-object -test-/debug.bundle
compiling fs.c
compiling mul.c
compiling init.c
linking shared-object -test-/enumerator_kw.bundle
compiling ensured.c
compiling str2big.c
compiling init.c
compiling init.c
linking shared-object -test-/cxxanyargs.bundle
linking shared-object -test-/fatal/rb_fatal.bundle
compiling nextafter.c
compiling funcall.c
compiling stat.c
compiling call_without_gvl.c
compiling delete.c
compiling core_ext.c
compiling iseq_load.c
compiling break.c
linking shared-object -test-/bignum.bundle
linking shared-object -test-/exception.bundle
compiling dot.dot.c
compiling init.c
linking shared-object -test-/float.bundle
linking shared-object -test-/load/dot.dot.bundle
linking shared-object -test-/funcall.bundle
compiling protect.c
linking shared-object -test-/file.bundle
compiling usrcompat.c
compiling init.c
linking shared-object -test-/gvl/call_without_gvl.bundle
compiling init.c
linking shared-object -test-/iseq_load.bundle
compiling yield.c
compiling usrmarshal.c
compiling internal_ivar.c
compiling my_integer.c
linking shared-object -test-/hash.bundle
compiling memory_status.c
compiling memory_view.c
compiling arity.c
linking shared-object -test-/load/protect.bundle
linking shared-object -test-/marshal/compat.bundle
compiling bug.c
compiling num2int.c
linking shared-object -test-/iter.bundle
linking shared-object -test-/marshal/internal_ivar.bundle
linking shared-object -test-/marshal/usr.bundle
compiling path_to_class.c
compiling init.c
compiling postponed_job.c
compiling printf.c
linking shared-object -test-/memory_status.bundle
linking shared-object -test-/integer.bundle
compiling init.c
compiling init.c
compiling rat.c
linking shared-object -test-/notimplement.bundle
linking shared-object -test-/num2int.bundle
compiling receiver.c
linking shared-object -test-/path_to_class.bundle
linking shared-object -test-/method.bundle
compiling rb_call_super_kw.c
compiling super.c
linking shared-object linking shared-object -test-/postponed_job.bundle
-test-/memory_view.bundle
compiling loop.c
compiling recursion.c
compiling init.c
compiling scan_args.c
compiling foreach.c
compiling numhash.c
compiling update.c
linking shared-object -test-/printf.bundle
linking shared-object -test-/rb_call_super_kw.bundle
linking shared-object -test-/proc.bundle
compiling capacity.c
compiling parse_depth_limit.c
linking shared-object -test-/recursion.bundle
linking shared-object -test-/random.bundle
compiling duplicate.c
compiling init.c
compiling thread_fd.c
linking shared-object -test-/st/foreach.bundle
linking shared-object -test-/st/update.bundle
compiling coderange.c
linking shared-object -test-/st/numhash.bundle
compiling init.c
compiling gc_hook.c
compiling typeddata.c
linking shared-object -test-/regexp.bundle
compiling at_exit.c
compiling init.c
compiling type.c
compiling cstr.c
linking shared-object -test-/thread_fd.bundle
compiling len.c
compiling leap_second.c
linking shared-object -test-/rational.bundle
compiling tracepoint.c
compiling member.c
compiling ellipsize.c
linking shared-object -test-/typeddata.bundle
linking shared-object -test-/vm/at_exit.bundle
compiling wait.c
compiling bigdecimal.c
linking shared-object -test-/symbol.bundle
linking shared-object -test-/scan_args.bundle
compiling enc_associate.c
compiling missing.c
linking shared-object -test-/struct.bundle
linking shared-object -test-/tracepoint.bundle
compiling new.c
compiling enc_str_buf_cat.c
compiling fstring.c
compiling escape.c
compiling init.c
compiling modify.c
linking shared-object -test-/wait.bundle
installing default bigdecimal libraries
compiling continuation.c
compiling new.c
compiling coverage.c
compiling date_core.c
compiling digest.c
compiling etc.c
compiling fcntl.c
compiling closure.c
linking shared-object continuation.bundle
linking shared-object -test-/time.bundle
compiling nofree.c
linking shared-object fcntl.bundle
linking shared-object cgi/escape.bundle
installing default coverage libraries
compiling normalize.c
compiling date_parse.c
compiling conversions.c
compiling date_strftime.c
linking shared-object coverage.bundle
compiling console.c
compiling date_strptime.c
linking shared-object digest.bundle
linking shared-object etc.bundle
compiling qsort.c
compiling fiddle.c
installing digest libraries
installing default digest libraries
installing default date_core libraries
compiling rb_interned_str.c
compiling function.c
compiling nonblock.c
compiling rb_str_dup.c
compiling wait.c
compiling set_len.c
linking shared-object io/nonblock.bundle
compiling handle.c
linking shared-object io/console.bundle
linking shared-object compiling monitor.c
-test-/string.bundle
linking shared-object io/wait.bundle
compiling memory_view.c
compiling pinned.c
compiling nkf.c
installing default monitor libraries
compiling pointer.c
compiling object_tracing.c
installing default nkf libraries
linking shared-object monitor.bundle
compiling objspace.c
compiling openssl_missing.c
compiling pathname.c
installing default fiddle libraries
compiling objspace_dump.c
compiling psych.c
compiling pty.c
installing default pathname libraries
compiling ossl.c
compiling cparse.c
compiling psych_emitter.c
linking shared-object fiddle.bundle
compiling ossl_asn1.c
installing default pty libraries
linking shared-object pty.bundle
compiling psych_parser.c
linking shared-object racc/cparse.bundle
compiling sizes.c
compiling ossl_bio.c
installing default objspace libraries
compiling psych_to_ruby.c
compiling readline.c
linking shared-object pathname.bundle
compiling limits.c
compiling ossl_bn.c
compiling psych_yaml_tree.c
compiling ripper.c
compiling ossl_cipher.c
linking shared-object objspace.bundle
installing default libraries
compiling ossl_config.c
linking shared-object rbconfig/sizeof.bundle
compiling init.c
compiling ossl_digest.c
linking shared-object psych.bundle
compiling stringio.c
linking shared-object readline.bundle
compiling constants.c
checking ../.././parse.y and ../.././ext/ripper/eventids2.c
compiling ossl_engine.c
compiling basicsocket.c
installing default ripper libraries
compiling ossl_hmac.c
compiling strscan.c
linking shared-object bigdecimal.bundle
compiling socket.c
compiling syslog.c
compiling ossl_kdf.c
compiling zlib.c
compiling ipsocket.c
compiling ossl_ns_spki.c
installing default syslog libraries
linking shared-object syslog.bundle
compiling tcpsocket.c
linking shared-object strscan.bundle
compiling ossl_ocsp.c
compiling bubblebabble.c
linking shared-object stringio.bundle
compiling md5init.c
compiling ossl_pkcs12.c
compiling tcpserver.c
compiling ossl_pkcs7.c
linking shared-object digest/bubblebabble.bundle
compiling md5.c
compiling rmd160init.c
compiling ossl_pkey.c
compiling sha1init.c
compiling sockssocket.c
compiling rmd160.c
linking shared-object digest/md5.bundle
compiling sha1.c
linking shared-object nkf.bundle
compiling sha2init.c
compiling udpsocket.c
compiling unixsocket.c
compiling sha2.c
compiling unixserver.c
linking shared-object digest/rmd160.bundle
compiling generator.c
compiling ossl_pkey_dh.c
compiling option.c
linking shared-object digest/sha1.bundle
compiling ancdata.c
compiling parser.c
compiling ossl_pkey_dsa.c
linking shared-object digest/sha2.bundle
compiling raddrinfo.c
installing default sha2 libraries
compiling ossl_pkey_ec.c
compiling ifaddr.c
compiling ossl_pkey_rsa.c
installing default socket libraries
compiling ossl_rand.c
compiling ossl_ssl.c
compiling ossl_ssl_session.c
linking shared-object zlib.bundle
compiling ossl_ts.c
compiling ossl_x509.c
linking shared-object json/ext/parser.bundle
compiling ossl_x509attr.c
compiling ossl_x509cert.c
linking shared-object json/ext/generator.bundle
compiling ossl_x509crl.c
compiling ossl_x509ext.c
linking shared-object socket.bundle
compiling ossl_x509name.c
compiling ossl_x509req.c
compiling ossl_x509revoked.c
compiling ossl_x509store.c
installing default openssl libraries
linking shared-object openssl.bundle
linking shared-object date_core.bundle
linking shared-object ripper.bundle
./revision.h unchanged
linking ruby
make[1]: Nothing to be done for `note'.
